<?xml version="1.0" encoding="UTF-8"?>
<!-- Generated by org.testng.reporters.JUnitReportReporter -->
<testsuite hostname="DESKTOP-RQ0LHOB" failures="0" tests="1" name="tests.LoginBookStore" time="31.123" errors="0" timestamp="2022-04-06T12:59:26 IST" skipped="0">
  <testcase classname="tests.LoginBookStore" name="login" time="31.123"/>
  <system-out/>
</testsuite> <!-- tests.LoginBookStore -->
