<?xml version="1.0" encoding="UTF-8"?>
<!-- Generated by org.testng.reporters.JUnitReportReporter -->
<testsuite hostname="TDS-5CG1075YR9" failures="0" tests="2" name="mainEngine.GCP_Kuberneters2" time="11.581" errors="0" timestamp="2021-09-07T16:13:11 IST" skipped="0">
  <testcase classname="mainEngine.GCP_Kuberneters2" name="SeleniumHub" time="3.890"/>
  <system-out/>
  <testcase classname="mainEngine.GCP_Kuberneters2" name="chromeexecution" time="7.691"/>
  <system-out/>
</testsuite> <!-- mainEngine.GCP_Kuberneters2 -->
