<?xml version="1.0" encoding="UTF-8"?>
<!-- Generated by org.testng.reporters.JUnitReportReporter -->
<testsuite hostname="TDS-5CG1075YR9" failures="0" tests="1" name="desktopApp.Np" time="7.107" errors="0" timestamp="2021-08-27T02:18:13 CDT" skipped="0">
  <testcase classname="desktopApp.Np" name="CheckHelp" time="7.107"/>
  <system-out/>
</testsuite> <!-- desktopApp.Np -->
