<?xml version="1.0" encoding="UTF-8"?>
<!-- Generated by org.testng.reporters.JUnitReportReporter -->
<testsuite hostname="BFL-6MDTLW2" failures="0" tests="1" name="tests.BookStore" time="11.387" errors="0" timestamp="2022-04-08T13:25:57 IST" skipped="0">
  <testcase classname="tests.BookStore" name="search" time="11.387"/>
  <system-out/>
</testsuite> <!-- tests.BookStore -->
