<?xml version="1.0" encoding="UTF-8"?>
<!-- Generated by org.testng.reporters.JUnitReportReporter -->
<testsuite hostname="TDS-5CG1075YR9" failures="0" tests="2" name="mainEngine.GCP_Kubernetes_Docker_Linux" time="46.387" errors="0" timestamp="2021-09-09T18:01:12 IST" skipped="0">
  <testcase classname="mainEngine.GCP_Kubernetes_Docker_Linux" name="LinuxFirefox" time="21.614"/>
  <system-out/>
  <testcase classname="mainEngine.GCP_Kubernetes_Docker_Linux" name="LinuxChrome" time="24.773"/>
  <system-out/>
</testsuite> <!-- mainEngine.GCP_Kubernetes_Docker_Linux -->
