<?xml version="1.0" encoding="UTF-8"?>
<!-- Generated by org.testng.reporters.JUnitReportReporter -->
<testsuite hostname="DESKTOP-RQ0LHOB" failures="0" tests="1" name="tests.authentication" time="16.472" errors="0" timestamp="2022-03-31T23:03:02 IST" skipped="0">
  <testcase classname="tests.authentication" name="authen" time="16.472"/>
  <system-out/>
</testsuite> <!-- tests.authentication -->
