<?xml version="1.0" encoding="UTF-8"?>
<!-- Generated by org.testng.reporters.JUnitReportReporter -->
<testsuite hostname="TDS-5CG1075YR9" failures="0" tests="1" name="mainEngine.GCP_Kubernetes_Docker_Execution" time="23.491" errors="0" timestamp="2021-09-07T16:56:54 IST" skipped="0">
  <testcase classname="mainEngine.GCP_Kubernetes_Docker_Execution" name="SeleniumHub" time="23.491"/>
  <system-out/>
</testsuite> <!-- mainEngine.GCP_Kubernetes_Docker_Execution -->
