<?xml version="1.0" encoding="UTF-8"?>
<!-- Generated by org.testng.reporters.JUnitReportReporter -->
<testsuite hostname="TDS-5CG1075YR9" failures="0" tests="1" name="mainEngine.EncryptDecry" time="0.010" errors="0" timestamp="2021-09-06T11:59:12 IST" skipped="0">
  <testcase classname="mainEngine.EncryptDecry" name="Aencoded" time="0.010"/>
  <system-out/>
</testsuite> <!-- mainEngine.EncryptDecry -->
