<?xml version="1.0" encoding="UTF-8"?>
<!-- Generated by org.testng.reporters.JUnitReportReporter -->
<testsuite hostname="TDS-5CG1075YR9" failures="0" tests="2" name="mainEngine.SauceTest" time="39.327" errors="0" timestamp="2021-09-09T17:50:49 IST" skipped="0">
  <testcase classname="mainEngine.SauceTest" name="UrlLoad" time="23.017"/>
  <system-out/>
  <testcase classname="mainEngine.SauceTest" name="UrlLoad" time="16.310"/>
  <system-out/>
</testsuite> <!-- mainEngine.SauceTest -->
