<?xml version="1.0" encoding="UTF-8"?>
<!-- Generated by org.testng.reporters.JUnitReportReporter -->
<testsuite hostname="BFL-6MDTLW2" failures="0" tests="1" name="tests.LoginBookStore" time="11.280" errors="0" timestamp="2022-04-08T13:25:57 IST" skipped="0">
  <testcase classname="tests.LoginBookStore" name="login" time="11.280"/>
  <system-out/>
</testsuite> <!-- tests.LoginBookStore -->
