<?xml version="1.0" encoding="UTF-8"?>
<!-- Generated by org.testng.reporters.JUnitReportReporter -->
<testsuite hostname="DESKTOP-RQ0LHOB" failures="0" tests="1" name="tests.BookStore" time="31.897" errors="0" timestamp="2022-04-06T12:59:26 IST" skipped="0">
  <testcase classname="tests.BookStore" name="search" time="31.897"/>
  <system-out/>
</testsuite> <!-- tests.BookStore -->
