<?xml version="1.0" encoding="UTF-8"?>
<!-- Generated by org.testng.reporters.JUnitReportReporter -->
<testsuite hostname="TDS-5CG1075YR9" failures="0" tests="1" name="tests.Login" time="5.435" errors="0" timestamp="2021-09-07T11:43:41 IST" skipped="0">
  <testcase classname="tests.Login" name="SignUpTest" time="5.435"/>
  <system-out/>
</testsuite> <!-- tests.Login -->
